Flow report for Processor
Sun Dec 03 13:56:32 2023
Quartus Prime Version 20.1.1 Build 720 11/11/2020 SJ Lite Edition


---------------------
; Table of Contents ;
---------------------
  1. Legal Notice
  2. Flow Summary
  3. Flow Settings
  4. Flow Non-Default Global Settings
  5. Flow Elapsed Time
  6. Flow OS Summary
  7. Flow Log
  8. Flow Messages
  9. Flow Suppressed Messages



----------------
; Legal Notice ;
----------------
Copyright (C) 2020  Intel Corporation. All rights reserved.
Your use of Intel Corporation's design tools, logic functions 
and other software and tools, and any partner logic 
functions, and any output files from any of the foregoing 
(including device programming or simulation files), and any 
associated documentation or information are expressly subject 
to the terms and conditions of the Intel Program License 
Subscription Agreement, the Intel Quartus Prime License Agreement,
the Intel FPGA IP License Agreement, or other applicable license
agreement, including, without limitation, that your use is for
the sole purpose of programming logic devices manufactured by
Intel and sold by Intel or its authorized distributors.  Please
refer to the applicable agreement for further details, at
https://fpgasoftware.intel.com/eula.



+----------------------------------------------------------------------------------+
; Flow Summary                                                                     ;
+------------------------------------+---------------------------------------------+
; Flow Status                        ; Successful - Sun Dec 03 13:56:32 2023       ;
; Quartus Prime Version              ; 20.1.1 Build 720 11/11/2020 SJ Lite Edition ;
; Revision Name                      ; Processor                                   ;
; Top-level Entity Name              ; try                                         ;
; Family                             ; Cyclone IV E                                ;
; Device                             ; EP4CE115F29C7                               ;
; Timing Models                      ; Final                                       ;
; Total logic elements               ; 3,204 / 114,480 ( 3 % )                     ;
;     Total combinational functions  ; 2,548 / 114,480 ( 2 % )                     ;
;     Dedicated logic registers      ; 2,152 / 114,480 ( 2 % )                     ;
; Total registers                    ; 2152                                        ;
; Total pins                         ; 17 / 529 ( 3 % )                            ;
; Total virtual pins                 ; 0                                           ;
; Total memory bits                  ; 0 / 3,981,312 ( 0 % )                       ;
; Embedded Multiplier 9-bit elements ; 0 / 532 ( 0 % )                             ;
; Total PLLs                         ; 0 / 4 ( 0 % )                               ;
+------------------------------------+---------------------------------------------+


+-----------------------------------------+
; Flow Settings                           ;
+-------------------+---------------------+
; Option            ; Setting             ;
+-------------------+---------------------+
; Start date & time ; 12/03/2023 13:52:21 ;
; Main task         ; Compilation         ;
; Revision Name     ; Processor           ;
+-------------------+---------------------+


+-------------------------------------------------------------------------------------------------------------------------------------------------+
; Flow Non-Default Global Settings                                                                                                                ;
+--------------------------------------+----------------------------------------+---------------+-------------+-----------------------------------+
; Assignment Name                      ; Value                                  ; Default Value ; Entity Name ; Section Id                        ;
+--------------------------------------+----------------------------------------+---------------+-------------+-----------------------------------+
; COMPILER_SIGNATURE_ID                ; 104122584027429.170159174124112        ; --            ; --          ; --                                ;
; EDA_DESIGN_INSTANCE_NAME             ; NA                                     ; --            ; --          ; DataExtract_tb                    ;
; EDA_DESIGN_INSTANCE_NAME             ; NA                                     ; --            ; --          ; tb                                ;
; EDA_DESIGN_INSTANCE_NAME             ; NA                                     ; --            ; --          ; ALU_tb                            ;
; EDA_DESIGN_INSTANCE_NAME             ; NA                                     ; --            ; --          ; RegisterFile_tb                   ;
; EDA_DESIGN_INSTANCE_NAME             ; NA                                     ; --            ; --          ; PCadder4_tb                       ;
; EDA_DESIGN_INSTANCE_NAME             ; NA                                     ; --            ; --          ; DataPath_tb                       ;
; EDA_DESIGN_INSTANCE_NAME             ; NA                                     ; --            ; --          ; InstructionMemory_tb              ;
; EDA_DESIGN_INSTANCE_NAME             ; NA                                     ; --            ; --          ; Mux2_tb                           ;
; EDA_DESIGN_INSTANCE_NAME             ; NA                                     ; --            ; --          ; Incrementor_tb                    ;
; EDA_DESIGN_INSTANCE_NAME             ; NA                                     ; --            ; --          ; Mux3_tb                           ;
; EDA_DESIGN_INSTANCE_NAME             ; NA                                     ; --            ; --          ; Comparator_tb                     ;
; EDA_DESIGN_INSTANCE_NAME             ; NA                                     ; --            ; --          ; ImmediateGenerator_tb             ;
; EDA_GENERATE_FUNCTIONAL_NETLIST      ; Off                                    ; --            ; --          ; eda_board_design_timing           ;
; EDA_GENERATE_FUNCTIONAL_NETLIST      ; Off                                    ; --            ; --          ; eda_board_design_boundary_scan    ;
; EDA_GENERATE_FUNCTIONAL_NETLIST      ; Off                                    ; --            ; --          ; eda_board_design_signal_integrity ;
; EDA_GENERATE_FUNCTIONAL_NETLIST      ; Off                                    ; --            ; --          ; eda_board_design_symbol           ;
; EDA_NATIVELINK_SIMULATION_TEST_BENCH ; tb                                     ; --            ; --          ; eda_simulation                    ;
; EDA_OUTPUT_DATA_FORMAT               ; Systemverilog Hdl                      ; --            ; --          ; eda_simulation                    ;
; EDA_SIMULATION_TOOL                  ; ModelSim-Altera (SystemVerilog)        ; <None>        ; --          ; --                                ;
; EDA_TEST_BENCH_ENABLE_STATUS         ; TEST_BENCH_MODE                        ; --            ; --          ; eda_simulation                    ;
; EDA_TEST_BENCH_FILE                  ; DataExtract_tb.sv                      ; --            ; --          ; DataExtract_tb                    ;
; EDA_TEST_BENCH_FILE                  ; tb.sv                                  ; --            ; --          ; tb                                ;
; EDA_TEST_BENCH_FILE                  ; ALU_tb.sv                              ; --            ; --          ; ALU_tb                            ;
; EDA_TEST_BENCH_FILE                  ; RegisterFile_tb.sv                     ; --            ; --          ; RegisterFile_tb                   ;
; EDA_TEST_BENCH_FILE                  ; PCadder4_tb.sv                         ; --            ; --          ; PCadder4_tb                       ;
; EDA_TEST_BENCH_FILE                  ; DataPath_tb.sv                         ; --            ; --          ; DataPath_tb                       ;
; EDA_TEST_BENCH_FILE                  ; InstructionMemory_tb.sv                ; --            ; --          ; InstructionMemory_tb              ;
; EDA_TEST_BENCH_FILE                  ; Mux2_tb.sv                             ; --            ; --          ; Mux2_tb                           ;
; EDA_TEST_BENCH_FILE                  ; Incrementor_tb.sv                      ; --            ; --          ; Incrementor_tb                    ;
; EDA_TEST_BENCH_FILE                  ; Mux3_tb.sv                             ; --            ; --          ; Mux3_tb                           ;
; EDA_TEST_BENCH_FILE                  ; Comparator_tb.sv                       ; --            ; --          ; Comparator_tb                     ;
; EDA_TEST_BENCH_FILE                  ; ImmediateGenerator_tb.sv               ; --            ; --          ; ImmediateGenerator_tb             ;
; EDA_TEST_BENCH_MODULE_NAME           ; DataExtract_tb                         ; --            ; --          ; DataExtract_tb                    ;
; EDA_TEST_BENCH_MODULE_NAME           ; tb                                     ; --            ; --          ; tb                                ;
; EDA_TEST_BENCH_MODULE_NAME           ; ALU_tb                                 ; --            ; --          ; ALU_tb                            ;
; EDA_TEST_BENCH_MODULE_NAME           ; RegisterFile_tb                        ; --            ; --          ; RegisterFile_tb                   ;
; EDA_TEST_BENCH_MODULE_NAME           ; PCadder4_tb                            ; --            ; --          ; PCadder4_tb                       ;
; EDA_TEST_BENCH_MODULE_NAME           ; DataPath_tb                            ; --            ; --          ; DataPath_tb                       ;
; EDA_TEST_BENCH_MODULE_NAME           ; InstructionMemory_tb                   ; --            ; --          ; InstructionMemory_tb              ;
; EDA_TEST_BENCH_MODULE_NAME           ; Mux2_tb                                ; --            ; --          ; Mux2_tb                           ;
; EDA_TEST_BENCH_MODULE_NAME           ; Incrementor_tb                         ; --            ; --          ; Incrementor_tb                    ;
; EDA_TEST_BENCH_MODULE_NAME           ; Mux3_tb                                ; --            ; --          ; Mux3_tb                           ;
; EDA_TEST_BENCH_MODULE_NAME           ; Comparator_tb                          ; --            ; --          ; Comparator_tb                     ;
; EDA_TEST_BENCH_MODULE_NAME           ; ImmediateGenerator_tb                  ; --            ; --          ; ImmediateGenerator_tb             ;
; EDA_TEST_BENCH_NAME                  ; DataPath_tb                            ; --            ; --          ; eda_simulation                    ;
; EDA_TEST_BENCH_NAME                  ; DataExtract_tb                         ; --            ; --          ; eda_simulation                    ;
; EDA_TEST_BENCH_NAME                  ; ImmediateGenerator_tb                  ; --            ; --          ; eda_simulation                    ;
; EDA_TEST_BENCH_NAME                  ; PCadder4_tb                            ; --            ; --          ; eda_simulation                    ;
; EDA_TEST_BENCH_NAME                  ; Mux2_tb                                ; --            ; --          ; eda_simulation                    ;
; EDA_TEST_BENCH_NAME                  ; InstructionMemory_tb                   ; --            ; --          ; eda_simulation                    ;
; EDA_TEST_BENCH_NAME                  ; RegisterFile_tb                        ; --            ; --          ; eda_simulation                    ;
; EDA_TEST_BENCH_NAME                  ; Mux3_tb                                ; --            ; --          ; eda_simulation                    ;
; EDA_TEST_BENCH_NAME                  ; ALU_tb                                 ; --            ; --          ; eda_simulation                    ;
; EDA_TEST_BENCH_NAME                  ; Incrementor_tb                         ; --            ; --          ; eda_simulation                    ;
; EDA_TEST_BENCH_NAME                  ; Comparator_tb                          ; --            ; --          ; eda_simulation                    ;
; EDA_TEST_BENCH_NAME                  ; tb                                     ; --            ; --          ; eda_simulation                    ;
; EDA_TIME_SCALE                       ; 1 ps                                   ; --            ; --          ; eda_simulation                    ;
; MAX_CORE_JUNCTION_TEMP               ; 85                                     ; --            ; --          ; --                                ;
; MIN_CORE_JUNCTION_TEMP               ; 0                                      ; --            ; --          ; --                                ;
; PARTITION_COLOR                      ; -- (Not supported for targeted family) ; --            ; try         ; Top                               ;
; PARTITION_FITTER_PRESERVATION_LEVEL  ; -- (Not supported for targeted family) ; --            ; try         ; Top                               ;
; PARTITION_NETLIST_TYPE               ; -- (Not supported for targeted family) ; --            ; try         ; Top                               ;
; POWER_BOARD_THERMAL_MODEL            ; None (CONSERVATIVE)                    ; --            ; --          ; --                                ;
; POWER_PRESET_COOLING_SOLUTION        ; 23 MM HEAT SINK WITH 200 LFPM AIRFLOW  ; --            ; --          ; --                                ;
; PROJECT_OUTPUT_DIRECTORY             ; output_files                           ; --            ; --          ; --                                ;
; TOP_LEVEL_ENTITY                     ; try                                    ; Processor     ; --          ; --                                ;
+--------------------------------------+----------------------------------------+---------------+-------------+-----------------------------------+


+--------------------------------------------------------------------------------------------------------------------------+
; Flow Elapsed Time                                                                                                        ;
+----------------------+--------------+-------------------------+---------------------+------------------------------------+
; Module Name          ; Elapsed Time ; Average Processors Used ; Peak Virtual Memory ; Total CPU Time (on all processors) ;
+----------------------+--------------+-------------------------+---------------------+------------------------------------+
; Analysis & Synthesis ; 00:00:19     ; 1.0                     ; 4817 MB             ; 00:00:16                           ;
; Fitter               ; 00:03:42     ; 1.0                     ; 5738 MB             ; 00:02:30                           ;
; Assembler            ; 00:00:03     ; 1.0                     ; 4705 MB             ; 00:00:02                           ;
; Timing Analyzer      ; 00:00:02     ; 1.2                     ; 4876 MB             ; 00:00:02                           ;
; EDA Netlist Writer   ; 00:00:01     ; 1.0                     ; 4663 MB             ; 00:00:01                           ;
; Total                ; 00:04:07     ; --                      ; --                  ; 00:02:51                           ;
+----------------------+--------------+-------------------------+---------------------+------------------------------------+


+------------------------------------------------------------------------------------+
; Flow OS Summary                                                                    ;
+----------------------+------------------+------------+------------+----------------+
; Module Name          ; Machine Hostname ; OS Name    ; OS Version ; Processor type ;
+----------------------+------------------+------------+------------+----------------+
; Analysis & Synthesis ; DESKTOP-TIFO0QR  ; Windows 10 ; 10.0       ; x86_64         ;
; Fitter               ; DESKTOP-TIFO0QR  ; Windows 10 ; 10.0       ; x86_64         ;
; Assembler            ; DESKTOP-TIFO0QR  ; Windows 10 ; 10.0       ; x86_64         ;
; Timing Analyzer      ; DESKTOP-TIFO0QR  ; Windows 10 ; 10.0       ; x86_64         ;
; EDA Netlist Writer   ; DESKTOP-TIFO0QR  ; Windows 10 ; 10.0       ; x86_64         ;
+----------------------+------------------+------------+------------+----------------+


------------
; Flow Log ;
------------
quartus_map --read_settings_files=on --write_settings_files=off Processor -c Processor
quartus_fit --read_settings_files=off --write_settings_files=off Processor -c Processor
quartus_asm --read_settings_files=off --write_settings_files=off Processor -c Processor
quartus_sta Processor -c Processor
quartus_eda --read_settings_files=off --write_settings_files=off Processor -c Processor



